<?xml version="1.0" encoding="UTF-8"?>
<!-- Generated by org.testng.reporters.JUnitXMLReporter -->
<testsuite ignored="2" hostname="LAPTOP-J1D6NOHE" failures="0" tests="1" name="Test" time="0.049" errors="0" timestamp="13 Dec 2023 04:27:21 GMT">
  <testcase classname="testng.NewTestPractice" name="j" time="0.011"/>
  <testcase classname="testng.NewTestPractice" name="i" time="0.0">
    <ignored/>
  </testcase> <!-- i -->
  <testcase classname="testng.NewTestPractice" name="f" time="0.0">
    <ignored/>
  </testcase> <!-- f -->
</testsuite> <!-- Test -->
