<?xml version="1.0" encoding="UTF-8"?>
<!-- Generated by org.testng.reporters.JUnitXMLReporter -->
<testsuite ignored="0" hostname="LAPTOP-J1D6NOHE" failures="0" tests="5" name="Test" time="34.756" errors="0" timestamp="13 Dec 2023 03:24:10 GMT">
  <testcase classname="testng.TNG_Script_004" name="Close_Login_PopUp" time="0.418"/>
  <testcase classname="testng.TNG_Script_004" name="Verify_Search_Box" time="8.442"/>
  <testcase classname="testng.TNG_Script_004" name="Click_on_Shirt" time="0.26"/>
  <testcase classname="testng.TNG_Script_004" name="Switch_ChildWindow" time="0.396"/>
  <testcase classname="testng.TNG_Script_004" name="Click_On_AddToCart" time="5.32"/>
</testsuite> <!-- Test -->
