<?xml version="1.0" encoding="UTF-8"?>
<!-- Generated by org.testng.reporters.JUnitXMLReporter -->
<testsuite ignored="0" hostname="LAPTOP-J1D6NOHE" failures="0" tests="3" name="Test" time="11.84" errors="0" timestamp="11 Dec 2023 02:25:05 GMT">
  <testcase classname="testng.TNG_SCript_003" name="Verify_Mouse_Hover_001" time="0.309"/>
  <testcase classname="testng.TNG_SCript_003" name="Verify_Mouse_Hover_002" time="0.62"/>
  <testcase classname="testng.TNG_SCript_003" name="Verify_Mouse_Hover_003" time="0.246"/>
</testsuite> <!-- Test -->
