<?xml version="1.0" encoding="UTF-8"?>
<!-- Generated by org.testng.reporters.JUnitXMLReporter -->
<testsuite ignored="0" hostname="LAPTOP-J1D6NOHE" failures="0" tests="5" name="Test0000000" time="12.646" errors="0" timestamp="12 Dec 2023 19:34:41 GMT">
  <testcase classname="testng.TNG_Script_004" name="Close_Login_PopUp" time="0.315"/>
  <testcase classname="testng.TNG_Script_004" name="Verify_Search_Box" time="5.622"/>
  <testcase classname="testng.TNG_Script_004" name="Click_on_Shirt" time="0.698"/>
  <testcase classname="testng.TNG_Script_004" name="Switch_ChildWindow" time="0.069"/>
  <testcase classname="testng.TNG_Script_004" name="Click_On_AddToCart" time="0.002"/>
</testsuite> <!-- Test0000000 -->
