<?xml version="1.0" encoding="UTF-8"?>
<!-- Generated by org.testng.reporters.JUnitXMLReporter -->
<testsuite ignored="3" hostname="LAPTOP-J1D6NOHE" failures="0" tests="3" name="Train_Test" time="0.053" errors="0" timestamp="24 Dec 2023 06:07:41 GMT">
  <testcase classname="testng.Group_Parameter" name="train_01" time="0.016"/>
  <testcase classname="testng.Group_Parameter" name="train_02" time="0.002"/>
  <testcase classname="testng.Group_Parameter" name="train_03" time="0.002"/>
  <testcase classname="testng.Group_Parameter" name="train_05" time="0.0">
    <ignored/>
  </testcase> <!-- train_05 -->
  <testcase classname="testng.Group_Parameter" name="train_04" time="0.0">
    <ignored/>
  </testcase> <!-- train_04 -->
  <testcase classname="testng.Group_Parameter" name="train_06" time="0.0">
    <ignored/>
  </testcase> <!-- train_06 -->
</testsuite> <!-- Train_Test -->
