<?xml version="1.0" encoding="UTF-8"?>
<!-- Generated by org.testng.reporters.JUnitXMLReporter -->
<testsuite ignored="0" hostname="LAPTOP-J1D6NOHE" failures="0" tests="5" name="Test" time="34.222" errors="0" timestamp="13 Dec 2023 02:24:33 GMT">
  <testcase classname="testng.TNG_Script_004" name="Close_Login_PopUp" time="0.706"/>
  <testcase classname="testng.TNG_Script_004" name="Verify_Search_Box" time="8.701"/>
  <testcase classname="testng.TNG_Script_004" name="Click_on_Shirt" time="1.42"/>
  <testcase classname="testng.TNG_Script_004" name="Switch_ChildWindow" time="0.161"/>
  <testcase classname="testng.TNG_Script_004" name="Click_On_AddToCart" time="11.646"/>
</testsuite> <!-- Test -->
