<?xml version="1.0" encoding="UTF-8"?>
<testng-results ignored="0" total="2" passed="2" failed="0" skipped="0">
  <reporter-output>
  </reporter-output>
  <suite started-at="2024-01-12T04:10:00Z" name="Default suite" finished-at="2024-01-12T04:10:48Z" duration-ms="47394">
    <groups>
    </groups>
    <test started-at="2024-01-12T04:10:00Z" name="Default test" finished-at="2024-01-12T04:10:48Z" duration-ms="47394">
      <class name="verify_Functionality.User_session">
        <test-method is-config="true" signature="beforeTest()[pri:0, instance:verify_Functionality.User_session@481ba2cf]" started-at="2024-01-12T04:10:00Z" name="beforeTest" finished-at="2024-01-12T04:10:00Z" duration-ms="18" status="PASS">
          <reporter-output>
          </reporter-output>
        </test-method> <!-- beforeTest -->
        <test-method is-config="true" signature="beforeMethod()[pri:0, instance:verify_Functionality.User_session@481ba2cf]" started-at="2024-01-12T04:10:00Z" name="beforeMethod" finished-at="2024-01-12T04:10:00Z" duration-ms="2" status="PASS">
          <reporter-output>
          </reporter-output>
        </test-method> <!-- beforeMethod -->
        <test-method signature="do_login()[pri:1, instance:verify_Functionality.User_session@481ba2cf]" started-at="2024-01-12T04:10:00Z" name="do_login" finished-at="2024-01-12T04:10:42Z" duration-ms="41250" status="PASS">
          <reporter-output>
          </reporter-output>
        </test-method> <!-- do_login -->
        <test-method is-config="true" signature="beforeMethod()[pri:0, instance:verify_Functionality.User_session@481ba2cf]" started-at="2024-01-12T04:10:42Z" name="beforeMethod" finished-at="2024-01-12T04:10:42Z" duration-ms="1" status="PASS">
          <reporter-output>
          </reporter-output>
        </test-method> <!-- beforeMethod -->
        <test-method signature="do_logout()[pri:2, instance:verify_Functionality.User_session@481ba2cf]" started-at="2024-01-12T04:10:42Z" name="do_logout" finished-at="2024-01-12T04:10:48Z" duration-ms="6063" status="PASS">
          <reporter-output>
          </reporter-output>
        </test-method> <!-- do_logout -->
      </class> <!-- verify_Functionality.User_session -->
    </test> <!-- Default test -->
  </suite> <!-- Default suite -->
</testng-results>
