<?xml version="1.0" encoding="UTF-8"?>
<testng-results ignored="5" total="7" passed="1" failed="1" skipped="0">
  <reporter-output>
  </reporter-output>
  <suite started-at="2024-01-13T04:54:07Z" name="Suite" finished-at="2024-01-13T04:54:37Z" duration-ms="29487">
    <groups>
    </groups>
    <test started-at="2024-01-13T04:54:07Z" name="RediffTest" finished-at="2024-01-13T04:54:37Z" duration-ms="29487">
      <class name="verify_Functionality.User_session">
        <test-method is-config="true" signature="beforeTest(org.testng.ITestContext)[pri:0, instance:verify_Functionality.User_session@3bd323e9]" started-at="2024-01-13T04:54:07Z" name="beforeTest" finished-at="2024-01-13T04:54:07Z" duration-ms="448" status="PASS">
          <params>
            <param index="0">
              <value>
                <![CDATA[org.testng.TestRunner@60cf62ad]]>
              </value>
            </param>
          </params>
          <reporter-output>
          </reporter-output>
        </test-method> <!-- beforeTest -->
        <test-method is-config="true" signature="beforeMethod(org.testng.ITestContext)[pri:0, instance:verify_Functionality.User_session@3bd323e9]" started-at="2024-01-13T04:54:08Z" name="beforeMethod" finished-at="2024-01-13T04:54:08Z" duration-ms="1" status="PASS">
          <params>
            <param index="0">
              <value>
                <![CDATA[org.testng.TestRunner@60cf62ad]]>
              </value>
            </param>
          </params>
          <reporter-output>
          </reporter-output>
        </test-method> <!-- beforeMethod -->
        <test-method signature="do_login()[pri:1, instance:verify_Functionality.User_session@3bd323e9]" started-at="2024-01-13T04:54:08Z" name="do_login" finished-at="2024-01-13T04:54:36Z" duration-ms="27997" status="PASS">
          <reporter-output>
          </reporter-output>
        </test-method> <!-- do_login -->
        <test-method is-config="true" signature="aftertest()[pri:0, instance:verify_Functionality.User_session@3bd323e9]" started-at="2024-01-13T04:54:36Z" name="aftertest" finished-at="2024-01-13T04:54:37Z" duration-ms="946" status="PASS">
          <reporter-output>
          </reporter-output>
        </test-method> <!-- aftertest -->
      </class> <!-- verify_Functionality.User_session -->
      <class name="verify_Functionality.Portfolio_Management">
        <test-method is-config="true" signature="beforeMethod(org.testng.ITestContext)[pri:0, instance:verify_Functionality.Portfolio_Management@39ac0c0a]" started-at="2024-01-13T04:54:36Z" name="beforeMethod" finished-at="2024-01-13T04:54:36Z" duration-ms="3" status="PASS">
          <params>
            <param index="0">
              <value>
                <![CDATA[org.testng.TestRunner@60cf62ad]]>
              </value>
            </param>
          </params>
          <reporter-output>
          </reporter-output>
        </test-method> <!-- beforeMethod -->
        <test-method signature="create_portfolio()[pri:1, instance:verify_Functionality.Portfolio_Management@39ac0c0a]" started-at="2024-01-13T04:54:36Z" name="create_portfolio" finished-at="2024-01-13T04:54:36Z" duration-ms="3" status="FAIL">
          <exception class="java.lang.NullPointerException">
            <message>
              <![CDATA[Cannot invoke "com.aventstack.extentreports.ExtentReports.createTest(String)" because "this.rep" is null]]>
            </message>
            <full-stacktrace>
              <![CDATA[java.lang.NullPointerException: Cannot invoke "com.aventstack.extentreports.ExtentReports.createTest(String)" because "this.rep" is null
at verify_Functionality.Portfolio_Management.create_portfolio(Portfolio_Management.java:10)
at java.base/jdk.internal.reflect.NativeMethodAccessorImpl.invoke0(Native Method)
at java.base/jdk.internal.reflect.NativeMethodAccessorImpl.invoke(NativeMethodAccessorImpl.java:77)
at java.base/jdk.internal.reflect.DelegatingMethodAccessorImpl.invoke(DelegatingMethodAccessorImpl.java:43)
at java.base/java.lang.reflect.Method.invoke(Method.java:568)
at org.testng.internal.MethodInvocationHelper.invokeMethod(MethodInvocationHelper.java:124)
at org.testng.internal.Invoker.invokeMethod(Invoker.java:583)
at org.testng.internal.Invoker.invokeTestMethod(Invoker.java:719)
at org.testng.internal.Invoker.invokeTestMethods(Invoker.java:989)
at org.testng.internal.TestMethodWorker.invokeTestMethods(TestMethodWorker.java:125)
at org.testng.internal.TestMethodWorker.run(TestMethodWorker.java:109)
at org.testng.TestRunner.privateRun(TestRunner.java:648)
at org.testng.TestRunner.run(TestRunner.java:505)
at org.testng.SuiteRunner.runTest(SuiteRunner.java:455)
at org.testng.SuiteRunner.runSequentially(SuiteRunner.java:450)
at org.testng.SuiteRunner.privateRun(SuiteRunner.java:415)
at org.testng.SuiteRunner.run(SuiteRunner.java:364)
at org.testng.SuiteRunnerWorker.runSuite(SuiteRunnerWorker.java:52)
at org.testng.SuiteRunnerWorker.run(SuiteRunnerWorker.java:84)
at org.testng.TestNG.runSuitesSequentially(TestNG.java:1208)
at org.testng.TestNG.runSuitesLocally(TestNG.java:1137)
at org.testng.TestNG.runSuites(TestNG.java:1049)
at org.testng.TestNG.run(TestNG.java:1017)
at org.testng.remote.AbstractRemoteTestNG.run(AbstractRemoteTestNG.java:115)
at org.testng.remote.RemoteTestNG.initAndRun(RemoteTestNG.java:251)
at org.testng.remote.RemoteTestNG.main(RemoteTestNG.java:77)
]]>
            </full-stacktrace>
          </exception> <!-- java.lang.NullPointerException -->
          <reporter-output>
          </reporter-output>
        </test-method> <!-- create_portfolio -->
      </class> <!-- verify_Functionality.Portfolio_Management -->
    </test> <!-- RediffTest -->
  </suite> <!-- Suite -->
</testng-results>
