<?xml version="1.0" encoding="UTF-8"?>
<!-- Generated by org.testng.reporters.JUnitXMLReporter -->
<testsuite ignored="5" hostname="LAPTOP-J1D6NOHE" failures="1" tests="2" name="RediffTest" time="29.487" errors="0" timestamp="13 Jan 2024 04:54:37 GMT">
  <testcase classname="verify_Functionality.User_session" name="do_login" time="27.997"/>
  <testcase classname="verify_Functionality.Portfolio_Management" name="create_portfolio" time="0.003">
    <failure type="java.lang.NullPointerException" message="Cannot invoke &amp;quot;com.aventstack.extentreports.ExtentReports.createTest(String)&amp;quot; because &amp;quot;this.rep&amp;quot; is null">
      <![CDATA[java.lang.NullPointerException: Cannot invoke "com.aventstack.extentreports.ExtentReports.createTest(String)" because "this.rep" is null
at verify_Functionality.Portfolio_Management.create_portfolio(Portfolio_Management.java:10)
... Removed 25 stack frames]]>
    </failure>
  </testcase> <!-- create_portfolio -->
  <testcase classname="verify_Functionality.BaseClass" name="@BeforeTest beforeTest" time="0.0">
    <ignored/>
  </testcase> <!-- @BeforeTest beforeTest -->
  <testcase classname="verify_Functionality.Portfolio_Management" name="delete_portfolio" time="0.0">
    <ignored/>
  </testcase> <!-- delete_portfolio -->
  <testcase classname="verify_Functionality.Portfolio_Management" name="update_portfolio" time="0.0">
    <ignored/>
  </testcase> <!-- update_portfolio -->
  <testcase classname="verify_Functionality.BaseClass" name="@AfterTest aftertest" time="0.0">
    <ignored/>
  </testcase> <!-- @AfterTest aftertest -->
  <testcase classname="verify_Functionality.User_session" name="do_logout" time="0.0">
    <ignored/>
  </testcase> <!-- do_logout -->
</testsuite> <!-- RediffTest -->
