<?xml version="1.0" encoding="UTF-8"?>
<!-- Generated by org.testng.reporters.JUnitXMLReporter -->
<testsuite ignored="3" hostname="LAPTOP-J1D6NOHE" failures="0" tests="3" name="TrainTest" time="0.128" errors="0" timestamp="07 Dec 2023 02:37:31 GMT">
  <testcase classname="testng.Group_Parameter" name="train_04" time="0.038"/>
  <testcase classname="testng.Group_Parameter" name="train_05" time="0.005"/>
  <testcase classname="testng.Group_Parameter" name="train_06" time="0.002"/>
  <testcase classname="testng.Group_Parameter" name="train_01" time="0.0">
    <ignored/>
  </testcase> <!-- train_01 -->
  <testcase classname="testng.Group_Parameter" name="train_03" time="0.0">
    <ignored/>
  </testcase> <!-- train_03 -->
  <testcase classname="testng.Group_Parameter" name="train_02" time="0.0">
    <ignored/>
  </testcase> <!-- train_02 -->
</testsuite> <!-- TrainTest -->
