<?xml version="1.0" encoding="UTF-8"?>
<!-- Generated by org.testng.reporters.JUnitXMLReporter -->
<testsuite ignored="0" hostname="LAPTOP-J1D6NOHE" failures="0" tests="3" name="Default test" time="78.338" errors="0" timestamp="13 Jan 2024 03:05:39 GMT">
  <testcase classname="verify_Functionality.Portfolio_Management" name="create_portfolio" time="78.079"/>
  <testcase classname="verify_Functionality.Portfolio_Management" name="delete_portfolio" time="0.004"/>
  <testcase classname="verify_Functionality.Portfolio_Management" name="update_portfolio" time="0.01"/>
</testsuite> <!-- Default test -->
