<?xml version="1.0" encoding="UTF-8"?>
<!-- Generated by org.testng.reporters.JUnitXMLReporter -->
<testsuite ignored="0" hostname="LAPTOP-J1D6NOHE" failures="0" tests="5" name="Test" time="56.409" errors="0" timestamp="14 Dec 2023 02:29:12 GMT">
  <testcase classname="testng.TNG_Script_004" name="Close_Login_PopUp" time="0.853"/>
  <testcase classname="testng.TNG_Script_004" name="Verify_Search_Box" time="14.145"/>
  <testcase classname="testng.TNG_Script_004" name="Click_on_Shirt" time="0.52"/>
  <testcase classname="testng.TNG_Script_004" name="Switch_ChildWindow" time="1.112"/>
  <testcase classname="testng.TNG_Script_004" name="Click_On_AddToCart" time="10.556"/>
</testsuite> <!-- Test -->
